<?xml version="1.0" encoding="UTF-8"?>
<!-- Generated by org.testng.reporters.JUnitReportReporter -->
<testsuite hostname="DESKTOP-ER6SAM4" failures="0" tests="3" name="com.testNG.DataExecutionGenericPractice" time="0.013" errors="0" timestamp="2023-09-16T16:45:08 IST" skipped="0">
  <testcase classname="com.testNG.DataExecutionGenericPractice" name="getdata" time="0.009"/>
  <system-out/>
  <testcase classname="com.testNG.DataExecutionGenericPractice" name="getdata" time="0.002"/>
  <system-out/>
  <testcase classname="com.testNG.DataExecutionGenericPractice" name="getdata" time="0.002"/>
  <system-out/>
</testsuite> <!-- com.testNG.DataExecutionGenericPractice -->
