<?xml version="1.0" encoding="UTF-8"?>
<!-- Generated by org.testng.reporters.JUnitReportReporter -->
<testsuite hostname="DESKTOP-ER6SAM4" failures="0" tests="3" name="com.testNG.DataProviderSameClassExecutionTest" time="0.018" errors="0" timestamp="2023-09-16T11:09:12 IST" skipped="0">
  <testcase classname="com.testNG.DataProviderSameClassExecutionTest" name="getData" time="0.004"/>
  <system-out/>
  <testcase classname="com.testNG.DataProviderSameClassExecutionTest" name="getData" time="0.011"/>
  <system-out/>
  <testcase classname="com.testNG.DataProviderSameClassExecutionTest" name="getData" time="0.003"/>
  <system-out/>
</testsuite> <!-- com.testNG.DataProviderSameClassExecutionTest -->
