<?xml version="1.0" encoding="UTF-8"?>
<!-- Generated by org.testng.reporters.JUnitReportReporter -->
<testsuite hostname="DESKTOP-ER6SAM4" failures="0" tests="1" name="com.testNG.SimpleTest" time="1.876" errors="0" timestamp="2023-09-30T12:12:45 IST" skipped="0">
  <testcase classname="com.testNG.SimpleTest" name="simple" time="1.876"/>
</testsuite> <!-- com.testNG.SimpleTest -->
