<?xml version="1.0" encoding="UTF-8"?>
<!-- Generated by org.testng.reporters.JUnitReportReporter -->
<testsuite hostname="DESKTOP-ER6SAM4" failures="0" tests="1" name="com.zmsTestCases.Updating_pageDesand_Email_Test" time="3.425" errors="0" timestamp="2023-09-19T13:14:32 IST" skipped="0">
  <testcase classname="com.zmsTestCases.Updating_pageDesand_Email_Test" name="Updating_pageDesand_Email_Test" time="3.425"/>
</testsuite> <!-- com.zmsTestCases.Updating_pageDesand_Email_Test -->
