<?xml version="1.0" encoding="UTF-8"?>
<!-- Generated by org.testng.reporters.JUnitReportReporter -->
<testsuite hostname="DESKTOP-ER6SAM4" failures="0" tests="3" name="com.testNG.PracticeTest" time="0.026" errors="0" timestamp="2023-09-15T12:24:03 IST" skipped="0">
  <testcase classname="com.testNG.PracticeTest" name="edit" time="0.005"/>
  <system-out/>
  <testcase classname="com.testNG.PracticeTest" name="create" time="0.017"/>
  <system-out/>
  <testcase classname="com.testNG.PracticeTest" name="create" time="0.004"/>
  <system-out/>
</testsuite> <!-- com.testNG.PracticeTest -->
