<?xml version="1.0" encoding="UTF-8"?>
<!-- Generated by org.testng.reporters.JUnitReportReporter -->
<testsuite hostname="DESKTOP-ER6SAM4" failures="0" tests="3" name="com.testNG.DataExecutionGeneric" time="0.015" errors="0" timestamp="2023-09-16T12:27:28 IST" skipped="0">
  <testcase classname="com.testNG.DataExecutionGeneric" name="getdata" time="0.008"/>
  <system-out/>
  <testcase classname="com.testNG.DataExecutionGeneric" name="getdata" time="0.004"/>
  <system-out/>
  <testcase classname="com.testNG.DataExecutionGeneric" name="getdata" time="0.003"/>
  <system-out/>
</testsuite> <!-- com.testNG.DataExecutionGeneric -->
