<?xml version="1.0" encoding="UTF-8"?>
<!-- Generated by org.testng.reporters.JUnitReportReporter -->
<testsuite hostname="DESKTOP-ER6SAM4" failures="0" tests="3" name="com.testNG.DataProviderExecution" time="0.019" errors="0" timestamp="2023-09-16T12:25:23 IST" skipped="0">
  <testcase classname="com.testNG.DataProviderExecution" name="getData" time="0.009"/>
  <system-out/>
  <testcase classname="com.testNG.DataProviderExecution" name="getData" time="0.004"/>
  <system-out/>
  <testcase classname="com.testNG.DataProviderExecution" name="getData" time="0.006"/>
  <system-out/>
</testsuite> <!-- com.testNG.DataProviderExecution -->
