<?xml version="1.0" encoding="UTF-8"?>
<!-- Generated by org.testng.reporters.JUnitReportReporter -->
<testsuite hostname="DESKTOP-ER6SAM4" failures="0" tests="2" name="com.testNG.DataProviderTest" time="0.018" errors="0" timestamp="2023-09-18T20:14:44 IST" skipped="0">
  <testcase classname="com.testNG.DataProviderTest" name="getData" time="0.012"/>
  <system-out/>
  <testcase classname="com.testNG.DataProviderTest" name="getData" time="0.006"/>
  <system-out/>
</testsuite> <!-- com.testNG.DataProviderTest -->
