<?xml version="1.0" encoding="UTF-8"?>
<!-- Generated by org.testng.reporters.JUnitReportReporter -->
<testsuite hostname="DESKTOP-ER6SAM4" failures="0" tests="1" name="com.practicePackage.ReadDataFromCmdTest" time="7.200" errors="0" timestamp="2023-09-06T14:51:44 IST" skipped="0">
  <testcase classname="com.practicePackage.ReadDataFromCmdTest" name="cmdTest" time="7.200"/>
  <system-out/>
</testsuite> <!-- com.practicePackage.ReadDataFromCmdTest -->
