<?xml version="1.0" encoding="UTF-8"?>
<!-- Generated by org.testng.reporters.JUnitReportReporter -->
<testsuite hostname="DESKTOP-ER6SAM4" failures="0" tests="2" name="com.testNG.TestNgAnnotations" time="0.021" errors="0" timestamp="2023-09-15T16:59:01 IST" skipped="0">
  <testcase classname="com.testNG.TestNgAnnotations" name="sample" time="0.006"/>
  <system-out/>
  <testcase classname="com.testNG.TestNgAnnotations" name="sample2" time="0.015"/>
  <system-out/>
</testsuite> <!-- com.testNG.TestNgAnnotations -->
