<?xml version="1.0" encoding="UTF-8"?>
<!-- Generated by org.testng.reporters.JUnitReportReporter -->
<testsuite hostname="DESKTOP-ER6SAM4" failures="0" tests="1" name="com.zmsTestCases.AnimalDetailsDeleteAnimal_Test" time="2.407" errors="0" timestamp="2023-09-21T16:57:33 IST" skipped="0">
  <testcase classname="com.zmsTestCases.AnimalDetailsDeleteAnimal_Test" name="AnimalDetailsDeleteAnimal_Test" time="2.407">
    <system-out>
      <![CDATA[AnimalDetailsDeleteAnimal_Test-------> Execution starts
AnimalDetailsDeleteAnimal_Test----------->TestScript executed Successfully]]>
    </system-out>
  </testcase> <!-- AnimalDetailsDeleteAnimal_Test -->
  <system-out>
    <![CDATA[AddAnimalandManageAnimal_Test-------> Execution starts
AddAnimalandManageAnimal_Test----------->TestScript executed Successfully
AnimalDetailsDeleteAnimal_Test-------> Execution starts
AnimalDetailsDeleteAnimal_Test----------->TestScript executed Successfully]]>
  </system-out>
</testsuite> <!-- com.zmsTestCases.AnimalDetailsDeleteAnimal_Test -->
