<?xml version="1.0" encoding="UTF-8"?>
<!-- Generated by org.testng.reporters.JUnitReportReporter -->
<testsuite hostname="DESKTOP-ER6SAM4" failures="0" tests="1" name="com.zmsTestCases.ManageTypeTicket_Test" time="3.587" errors="0" timestamp="2023-09-19T13:13:42 IST" skipped="0">
  <testcase classname="com.zmsTestCases.ManageTypeTicket_Test" name="ManageTypeTicket_Test" time="3.587"/>
</testsuite> <!-- com.zmsTestCases.ManageTypeTicket_Test -->
