<?xml version="1.0" encoding="UTF-8"?>
<!-- Generated by org.testng.reporters.JUnitReportReporter -->
<testsuite hostname="DESKTOP-ER6SAM4" failures="0" tests="1" name="com.zmsTestCases.NormalTicketModuleAddTicket_Test" time="3.812" errors="0" timestamp="2023-09-19T13:14:08 IST" skipped="0">
  <testcase classname="com.zmsTestCases.NormalTicketModuleAddTicket_Test" name="NormalTicketModuleAddTicket_Test" time="3.812"/>
</testsuite> <!-- com.zmsTestCases.NormalTicketModuleAddTicket_Test -->
