<?xml version="1.0" encoding="UTF-8"?>
<!-- Generated by org.testng.reporters.JUnitReportReporter -->
<testsuite hostname="DESKTOP-ER6SAM4" failures="0" tests="2" name="com.testNG.SameClassExecution" time="0.024" errors="0" timestamp="2023-09-16T11:36:55 IST" skipped="0">
  <testcase classname="com.testNG.SameClassExecution" name="getData" time="0.022"/>
  <system-out/>
  <testcase classname="com.testNG.SameClassExecution" name="getData" time="0.002"/>
  <system-out/>
</testsuite> <!-- com.testNG.SameClassExecution -->
